2024-04-16 17:19:29,333 INFO:root:94:====================src/classifier/tests/classifier.py::test[below_freq_mag]====================
2024-04-16 17:19:44,104 INFO:root:94:====================src/classifier/tests/classifier.py::test[above_freq_mag]====================
2024-04-16 17:19:44,177 INFO:root:94:====================src/classifier/tests/classifier.py::test[above_freq_below_mag]====================
2024-04-16 17:19:44,244 INFO:root:94:====================src/classifier/tests/classifier.py::test[random_4_decimal]====================
2024-04-16 17:19:47,093 INFO:root:94:====================src/classifier/tests/classifier.py::test[random_8_decimal]====================
2024-04-16 17:19:49,950 INFO:root:94:====================src/classifier/tests/classifier.py::test[random_16_decimal]====================
2024-04-16 17:19:50,013 INFO:root:94:====================src/classifier/tests/classifier.py::test[sine_wave_below_mag]====================
2024-04-16 17:19:50,081 INFO:root:94:====================src/classifier/tests/classifier.py::test[input_delay_small]====================
2024-04-16 17:19:50,176 INFO:root:94:====================src/classifier/tests/classifier.py::test[input_delay_big]====================
2024-04-16 17:19:50,252 INFO:root:94:====================src/classifier/tests/classifier.py::test[output_delay_small0]====================
2024-04-16 17:19:50,330 INFO:root:94:====================src/classifier/tests/classifier.py::test[output_delay_small1]====================
2024-04-16 17:20:23,436 INFO:root:94:====================src/classifier/tests/classifier.py::test[below_freq_mag]====================
2024-04-16 17:20:23,548 INFO:root:94:====================src/classifier/tests/classifier.py::test[above_freq_mag]====================
2024-04-16 17:20:23,617 INFO:root:94:====================src/classifier/tests/classifier.py::test[above_freq_below_mag]====================
2024-04-16 17:20:23,689 INFO:root:94:====================src/classifier/tests/classifier.py::test[random_4_decimal]====================
2024-04-16 17:20:23,771 INFO:root:94:====================src/classifier/tests/classifier.py::test[random_8_decimal]====================
2024-04-16 17:20:23,856 INFO:root:94:====================src/classifier/tests/classifier.py::test[random_16_decimal]====================
2024-04-16 17:20:23,931 INFO:root:94:====================src/classifier/tests/classifier.py::test[sine_wave_below_mag]====================
2024-04-16 17:20:24,003 INFO:root:94:====================src/classifier/tests/classifier.py::test[input_delay_small]====================
2024-04-16 17:20:24,068 INFO:root:94:====================src/classifier/tests/classifier.py::test[input_delay_big]====================
2024-04-16 17:20:24,140 INFO:root:94:====================src/classifier/tests/classifier.py::test[output_delay_small0]====================
2024-04-16 17:20:24,200 INFO:root:94:====================src/classifier/tests/classifier.py::test[output_delay_small1]====================
2024-04-16 17:20:24,269 INFO:root:94:====================src/classifier/tests/classifier.py::test[random_sines]====================
2024-04-16 17:21:44,971 INFO:root:94:====================src/classifier/tests/classifier.py::test[below_freq_mag]====================
2024-04-16 17:21:49,627 INFO:root:94:====================src/classifier/tests/classifier.py::test[above_freq_mag]====================
2024-04-16 17:21:49,738 INFO:root:94:====================src/classifier/tests/classifier.py::test[above_freq_below_mag]====================
2024-04-16 17:21:49,836 INFO:root:94:====================src/classifier/tests/classifier.py::test[random_4_decimal]====================
2024-04-16 17:21:53,476 INFO:root:94:====================src/classifier/tests/classifier.py::test[random_8_decimal]====================
2024-04-16 17:21:56,919 INFO:root:94:====================src/classifier/tests/classifier.py::test[random_16_decimal]====================
2024-04-16 17:21:57,015 INFO:root:94:====================src/classifier/tests/classifier.py::test[sine_wave_below_mag]====================
2024-04-16 17:21:57,126 INFO:root:94:====================src/classifier/tests/classifier.py::test[input_delay_small]====================
2024-04-16 17:21:57,218 INFO:root:94:====================src/classifier/tests/classifier.py::test[input_delay_big]====================
2024-04-16 17:21:57,317 INFO:root:94:====================src/classifier/tests/classifier.py::test[output_delay_small0]====================
2024-04-16 17:21:57,410 INFO:root:94:====================src/classifier/tests/classifier.py::test[output_delay_small1]====================
2024-04-16 17:21:57,520 INFO:root:94:====================src/classifier/tests/classifier.py::test[random_sines]====================
